<?xml version="1.0" encoding="UTF-8"?>
<!-- Generated by org.testng.reporters.JUnitReportReporter -->
<testsuite hostname="DESKTOP-UKJ50JB" failures="0" tests="1" name="basicsRestAssured.POST_CreateWorkspace" time="6.556" errors="0" timestamp="2023-09-03T06:59:48 IST" skipped="0">
  <testcase classname="basicsRestAssured.POST_CreateWorkspace" name="Create_Workspace" time="6.556"/>
  <system-out/>
</testsuite> <!-- basicsRestAssured.POST_CreateWorkspace -->
