<?xml version="1.0" encoding="UTF-8"?>
<!-- Generated by org.testng.reporters.JUnitReportReporter -->
<testsuite hostname="DESKTOP-UKJ50JB" failures="0" tests="1" name="mockServer.POSTMockResponse" time="5.741" errors="0" timestamp="2023-09-07T23:17:39 IST" skipped="0">
  <testcase classname="mockServer.POSTMockResponse" name="postresponse" time="5.741"/>
  <system-out/>
</testsuite> <!-- mockServer.POSTMockResponse -->
