<?xml version="1.0" encoding="UTF-8"?>
<!-- Generated by org.testng.reporters.JUnitReportReporter -->
<testsuite hostname="DESKTOP-UKJ50JB" failures="0" tests="1" name="spotify.PUT_ChangePlaylistDetails" time="3.374" errors="0" timestamp="2023-09-12T11:07:50 IST" skipped="0">
  <testcase classname="spotify.PUT_ChangePlaylistDetails" name="updateplaylistdetails" time="3.374"/>
  <system-out/>
</testsuite> <!-- spotify.PUT_ChangePlaylistDetails -->
