<?xml version="1.0" encoding="UTF-8"?>
<!-- Generated by org.testng.reporters.JUnitReportReporter -->
<testsuite hostname="DESKTOP-UKJ50JB" failures="0" tests="2" name="basicsRestAssured.GET_FetchDataFromComplexJSON" time="6.643" errors="0" timestamp="2023-09-05T13:43:09 IST" skipped="0">
  <testcase classname="basicsRestAssured.GET_FetchDataFromComplexJSON" name="datafetching" time="5.952"/>
  <system-out/>
  <testcase classname="basicsRestAssured.GET_FetchDataFromComplexJSON" name="GET_All_Useres" time="0.691"/>
  <system-out/>
</testsuite> <!-- basicsRestAssured.GET_FetchDataFromComplexJSON -->
