<?xml version="1.0" encoding="UTF-8"?>
<!-- Generated by org.testng.reporters.JUnitReportReporter -->
<testsuite hostname="DESKTOP-UKJ50JB" failures="0" tests="1" name="reqresGETResponseViaPOJO.Response_GAndS_POJO" time="5.315" errors="0" timestamp="2023-09-09T17:10:46 IST" skipped="0">
  <testcase classname="reqresGETResponseViaPOJO.Response_GAndS_POJO" name="getUserData" time="5.315"/>
  <system-out/>
</testsuite> <!-- reqresGETResponseViaPOJO.Response_GAndS_POJO -->
