<?xml version="1.0" encoding="UTF-8"?>
<!-- Generated by org.testng.reporters.JUnitReportReporter -->
<testsuite hostname="DESKTOP-UKJ50JB" failures="0" tests="1" name="swaggerRestAssured.GET_Userdetails" time="7.542" errors="0" timestamp="2023-09-04T16:59:00 IST" skipped="0">
  <testcase classname="swaggerRestAssured.GET_Userdetails" name="createuser" time="7.542"/>
  <system-out/>
</testsuite> <!-- swaggerRestAssured.GET_Userdetails -->
