<?xml version="1.0" encoding="UTF-8"?>
<!-- Generated by org.testng.reporters.JUnitReportReporter -->
<testsuite hostname="DESKTOP-UKJ50JB" failures="0" tests="1" name="authorizationAuthentication.BasicAuth" time="5.549" errors="0" timestamp="2023-09-10T09:34:51 IST" skipped="0">
  <testcase classname="authorizationAuthentication.BasicAuth" name="basicAuthorization" time="5.549"/>
  <system-out/>
</testsuite> <!-- authorizationAuthentication.BasicAuth -->
