<?xml version="1.0" encoding="UTF-8"?>
<!-- Generated by org.testng.reporters.JUnitReportReporter -->
<testsuite hostname="DESKTOP-UKJ50JB" failures="0" tests="2" name="swaggerRestAssured.POST_CreateUser" time="10.415" errors="0" timestamp="2023-09-04T16:56:52 IST" skipped="0">
  <testcase classname="swaggerRestAssured.POST_CreateUser" name="createuser" time="8.556"/>
  <system-out/>
  <testcase classname="swaggerRestAssured.POST_CreateUser" name="getcreateduser" time="1.859"/>
  <system-out/>
</testsuite> <!-- swaggerRestAssured.POST_CreateUser -->
