<?xml version="1.0" encoding="UTF-8"?>
<!-- Generated by org.testng.reporters.JUnitReportReporter -->
<testsuite hostname="DESKTOP-UKJ50JB" failures="0" tests="1" name="spotify.GET_UserDetails" time="4.651" errors="0" timestamp="2023-09-11T16:07:55 IST" skipped="0">
  <testcase classname="spotify.GET_UserDetails" name="userDetais" time="4.651"/>
  <system-out/>
</testsuite> <!-- spotify.GET_UserDetails -->
