<?xml version="1.0" encoding="UTF-8"?>
<!-- Generated by org.testng.reporters.JUnitReportReporter -->
<testsuite hostname="DESKTOP-UKJ50JB" failures="0" tests="1" name="pathandquaryparam.PathParams" time="4.210" errors="0" timestamp="2023-09-07T11:11:46 IST" skipped="0">
  <testcase classname="pathandquaryparam.PathParams" name="GET_Single_User" time="4.210"/>
  <system-out/>
</testsuite> <!-- pathandquaryparam.PathParams -->
