<?xml version="1.0" encoding="UTF-8"?>
<!-- Generated by org.testng.reporters.JUnitReportReporter -->
<testsuite hostname="DESKTOP-UKJ50JB" failures="0" tests="1" name="basicsRestAssured.POST_Create_Workspace" time="6.497" errors="0" timestamp="2023-09-02T22:48:01 IST" skipped="0">
  <testcase classname="basicsRestAssured.POST_Create_Workspace" name="Create_Workspace" time="6.497"/>
  <system-out/>
</testsuite> <!-- basicsRestAssured.POST_Create_Workspace -->
