<?xml version="1.0" encoding="UTF-8"?>
<!-- Generated by org.testng.reporters.JUnitReportReporter -->
<testsuite hostname="DESKTOP-UKJ50JB" failures="0" tests="1" name="basicsRestAssured.PUT_UpdateWorkspaceDetails" time="5.304" errors="0" timestamp="2023-09-03T07:00:46 IST" skipped="0">
  <testcase classname="basicsRestAssured.PUT_UpdateWorkspaceDetails" name="UpdateWorkspaceDetails" time="5.304"/>
  <system-out/>
</testsuite> <!-- basicsRestAssured.PUT_UpdateWorkspaceDetails -->
