<?xml version="1.0" encoding="UTF-8"?>
<!-- Generated by org.testng.reporters.JUnitReportReporter -->
<testsuite hostname="DESKTOP-UKJ50JB" failures="0" tests="4" name="com.spotify.test.CreatePlaylistViaPlaylistAPI" time="11.327" errors="0" timestamp="2023-09-14T18:32:06 IST" skipped="0">
  <testcase classname="com.spotify.test.CreatePlaylistViaPlaylistAPI" name="createPlaylist" time="9.168"/>
  <system-out/>
  <testcase classname="com.spotify.test.CreatePlaylistViaPlaylistAPI" name="getPlaylistDetail" time="1.000"/>
  <system-out/>
  <testcase classname="com.spotify.test.CreatePlaylistViaPlaylistAPI" name="updateUserPlaylist" time="0.825"/>
  <system-out/>
  <testcase classname="com.spotify.test.CreatePlaylistViaPlaylistAPI" name="shouldNotBeAbleToCreatePlaylist" time="0.334"/>
  <system-out/>
</testsuite> <!-- com.spotify.test.CreatePlaylistViaPlaylistAPI -->
