<?xml version="1.0" encoding="UTF-8"?>
<!-- Generated by org.testng.reporters.JUnitReportReporter -->
<testsuite hostname="DESKTOP-UKJ50JB" failures="0" tests="1" name="basicsRestAssured.GET_SingleUser" time="4.149" errors="0" timestamp="2023-09-07T13:08:31 IST" skipped="0">
  <testcase classname="basicsRestAssured.GET_SingleUser" name="GET_Single_User" time="4.149"/>
  <system-out/>
</testsuite> <!-- basicsRestAssured.GET_SingleUser -->
