<?xml version="1.0" encoding="UTF-8"?>
<!-- Generated by org.testng.reporters.JUnitReportReporter -->
<testsuite hostname="DESKTOP-UKJ50JB" failures="0" tests="1" name="basicsRestAssured.DELETE_Workspace" time="5.278" errors="0" timestamp="2023-09-03T07:01:28 IST" skipped="0">
  <testcase classname="basicsRestAssured.DELETE_Workspace" name="workspacedelete" time="5.278"/>
  <system-out/>
</testsuite> <!-- basicsRestAssured.DELETE_Workspace -->
