<?xml version="1.0" encoding="UTF-8"?>
<!-- Generated by org.testng.reporters.JUnitReportReporter -->
<testsuite hostname="DESKTOP-UKJ50JB" failures="0" tests="1" name="basicsRestAssured.GET_SpecificWorkspace" time="6.922" errors="0" timestamp="2023-09-02T23:08:53 IST" skipped="0">
  <testcase classname="basicsRestAssured.GET_SpecificWorkspace" name="Postman_Workspace" time="6.922"/>
  <system-out/>
</testsuite> <!-- basicsRestAssured.GET_SpecificWorkspace -->
