<?xml version="1.0" encoding="UTF-8"?>
<!-- Generated by org.testng.reporters.JUnitReportReporter -->
<testsuite hostname="DESKTOP-UKJ50JB" failures="0" tests="1" name="basicsRestAssured.GET_AllWorkspace" time="9.281" errors="0" timestamp="2023-09-02T23:12:35 IST" skipped="0">
  <testcase classname="basicsRestAssured.GET_AllWorkspace" name="Postman_Workspace" time="9.281"/>
  <system-out/>
</testsuite> <!-- basicsRestAssured.GET_AllWorkspace -->
