<?xml version="1.0" encoding="UTF-8"?>
<!-- Generated by org.testng.reporters.JUnitReportReporter -->
<testsuite hostname="DESKTOP-UKJ50JB" failures="0" tests="2" name="readyToUseJSON.ComplexJSONExcersice" time="4.158" errors="0" timestamp="2023-09-06T17:09:41 IST" skipped="0">
  <testcase classname="readyToUseJSON.ComplexJSONExcersice" name="getData" time="3.346"/>
  <system-out/>
  <testcase classname="readyToUseJSON.ComplexJSONExcersice" name="getDataFromJsonBody" time="0.812"/>
  <system-out/>
</testsuite> <!-- readyToUseJSON.ComplexJSONExcersice -->
