<?xml version="1.0" encoding="UTF-8"?>
<!-- Generated by org.testng.reporters.JUnitReportReporter -->
<testsuite hostname="DESKTOP-UKJ50JB" failures="0" tests="1" name="basicsRestAssured.GET_Specific_Workspace" time="5.621" errors="0" timestamp="2023-09-02T22:48:42 IST" skipped="0">
  <testcase classname="basicsRestAssured.GET_Specific_Workspace" name="Postman_Workspace" time="5.621"/>
  <system-out/>
</testsuite> <!-- basicsRestAssured.GET_Specific_Workspace -->
