<?xml version="1.0" encoding="UTF-8"?>
<!-- Generated by org.testng.reporters.JUnitReportReporter -->
<testsuite hostname="DESKTOP-UKJ50JB" failures="0" tests="1" name="readyToUseJSON.JSONObjectBody" time="6.695" errors="0" timestamp="2023-09-07T13:19:32 IST" skipped="0">
  <testcase classname="readyToUseJSON.JSONObjectBody" name="jsonobjectBody" time="6.695"/>
  <system-out/>
</testsuite> <!-- readyToUseJSON.JSONObjectBody -->
