<?xml version="1.0" encoding="UTF-8"?>
<!-- Generated by org.testng.reporters.JUnitReportReporter -->
<testsuite hostname="DESKTOP-UKJ50JB" failures="0" tests="1" name="s_and_d.Create_User_GetterSetter" time="6.937" errors="0" timestamp="2023-09-09T16:01:23 IST" skipped="0">
  <testcase classname="s_and_d.Create_User_GetterSetter" name="createuser" time="6.937"/>
  <system-out/>
</testsuite> <!-- s_and_d.Create_User_GetterSetter -->
