<?xml version="1.0" encoding="UTF-8"?>
<!-- Generated by org.testng.reporters.JUnitReportReporter -->
<testsuite hostname="DESKTOP-UKJ50JB" failures="0" tests="1" name="spotify.Create_PlaylistWithReqResSpec" time="4.403" errors="0" timestamp="2023-09-12T18:31:48 IST" skipped="0">
  <testcase classname="spotify.Create_PlaylistWithReqResSpec" name="createPlaylist" time="4.403"/>
  <system-out/>
</testsuite> <!-- spotify.Create_PlaylistWithReqResSpec -->
