<?xml version="1.0" encoding="UTF-8"?>
<!-- Generated by org.testng.reporters.JUnitReportReporter -->
<testsuite hostname="DESKTOP-UKJ50JB" failures="0" tests="1" name="requestAndresponseSpecBuilder.ReqResBuilder" time="4.223" errors="0" timestamp="2023-09-07T06:16:17 IST" skipped="0">
  <testcase classname="requestAndresponseSpecBuilder.ReqResBuilder" name="Postman_Workspace" time="4.223"/>
  <system-out/>
</testsuite> <!-- requestAndresponseSpecBuilder.ReqResBuilder -->
