<?xml version="1.0" encoding="UTF-8"?>
<!-- Generated by org.testng.reporters.JUnitReportReporter -->
<testsuite hostname="DESKTOP-UKJ50JB" failures="0" tests="1" name="basicsRestAssured.GET_Request" time="4.441" errors="0" timestamp="2023-09-02T18:33:56 IST" skipped="0">
  <testcase classname="basicsRestAssured.GET_Request" name="GET_All_Useres" time="4.441"/>
  <system-out/>
</testsuite> <!-- basicsRestAssured.GET_Request -->
