<?xml version="1.0" encoding="UTF-8"?>
<!-- Generated by org.testng.reporters.JUnitReportReporter -->
<testsuite hostname="DESKTOP-UKJ50JB" failures="0" tests="1" name="basicsRestAssured.GET_Workspace" time="7.572" errors="0" timestamp="2023-09-02T22:50:52 IST" skipped="0">
  <testcase classname="basicsRestAssured.GET_Workspace" name="Postman_Workspace" time="7.572"/>
  <system-out/>
</testsuite> <!-- basicsRestAssured.GET_Workspace -->
