<?xml version="1.0" encoding="UTF-8"?>
<!-- Generated by org.testng.reporters.JUnitReportReporter -->
<testsuite hostname="DESKTOP-UKJ50JB" failures="0" tests="2" name="spotify.NegativeValidations" time="2.916" errors="0" timestamp="2023-09-12T11:49:44 IST" skipped="1">
  <testcase classname="spotify.NegativeValidations" name="shouldNotBeAuthorized" time="2.916"/>
  <system-out/>
  <testcase classname="spotify.NegativeValidations" name="shouldNotBeAbleToCreatePlaylist">
    <skipped/>
  </testcase> <!-- shouldNotBeAbleToCreatePlaylist -->
  <system-out/>
</testsuite> <!-- spotify.NegativeValidations -->
