<?xml version="1.0" encoding="UTF-8"?>
<!-- Generated by org.testng.reporters.JUnitReportReporter -->
<testsuite hostname="DESKTOP-UKJ50JB" failures="0" tests="1" name="authorizationAuthentication.BearerToken" time="5.317" errors="0" timestamp="2023-09-10T10:55:37 IST" skipped="0">
  <testcase classname="authorizationAuthentication.BearerToken" name="Postman_Workspace" time="5.317"/>
  <system-out/>
</testsuite> <!-- authorizationAuthentication.BearerToken -->
