<?xml version="1.0" encoding="UTF-8"?>
<!-- Generated by org.testng.reporters.JUnitReportReporter -->
<testsuite hostname="DESKTOP-UKJ50JB" failures="0" tests="1" name="pathandquaryparam.QuaryParams" time="5.387" errors="0" timestamp="2023-09-07T07:04:19 IST" skipped="0">
  <testcase classname="pathandquaryparam.QuaryParams" name="quaryParam" time="5.387"/>
  <system-out/>
</testsuite> <!-- pathandquaryparam.QuaryParams -->
