<?xml version="1.0" encoding="UTF-8"?>
<!-- Generated by org.testng.reporters.JUnitReportReporter -->
<testsuite hostname="DESKTOP-UKJ50JB" failures="0" tests="1" name="fileUploadingAndDownloading.Uploading" time="5.499" errors="0" timestamp="2023-09-08T00:03:17 IST" skipped="0">
  <testcase classname="fileUploadingAndDownloading.Uploading" name="fileUploafing" time="5.499"/>
  <system-out/>
</testsuite> <!-- fileUploadingAndDownloading.Uploading -->
