<?xml version="1.0" encoding="UTF-8"?>
<!-- Generated by org.testng.reporters.JUnitReportReporter -->
<testsuite hostname="DESKTOP-UKJ50JB" failures="0" tests="2" name="com.spotify.test.CreatePlaylist" time="3.873" errors="1" timestamp="2023-09-12T16:32:52 IST" skipped="0">
  <testcase classname="com.spotify.test.CreatePlaylist" name="createPlaylist" time="3.409">
    <error message="com.fasterxml.jackson.databind.exc.UnrecognizedPropertyException: Unrecognized field &quot;followers&quot; (class com.spotify.Pojo.Item), not marked as ignorable (14 known properties: &quot;primary_color&quot;, &quot;tracks&quot;, &quot;public&quot;, &quot;href&quot;, &quot;uri&quot;, &quot;owner&quot;, &quot;collaborative&quot;, &quot;snapshot_id&quot;, &quot;external_urls&quot;, &quot;type&quot;, &quot;id&quot;, &quot;description&quot;, &quot;name&quot;, &quot;images&quot;])
 at [Source: (String)&quot;{
  &quot;collaborative&quot; : false,
  &quot;description&quot; : &quot;Collection of fav songs&quot;,
  &quot;external_urls&quot; : {
    &quot;spotify&quot; : &quot;https://open.spotify.com/playlist/7CB0Y372LBKO5mDQTr8JFF&quot;
  },
  &quot;followers&quot; : {
    &quot;href&quot; : null,
    &quot;total&quot; : 0
  },
  &quot;href&quot; : &quot;https://api.spotify.com/v1/playlists/7CB0Y372LBKO5mDQTr8JFF&quot;,
  &quot;id&quot; : &quot;7CB0Y372LBKO5mDQTr8JFF&quot;,
  &quot;images&quot; : [ ],
  &quot;name&quot; : &quot;Omkar&quot;,
  &quot;owner&quot; : {
    &quot;display_name&quot; : &quot;Pragatipinge&quot;,
    &quot;external_urls&quot; : {
      &quot;spotify&quot; : &quot;https://open.spotify.com/&quot;[truncated 662 chars]; line: 7, column: 18] (through reference chain: com.spotify.Pojo.Item[&quot;followers&quot;])" type="java.lang.RuntimeException">
      <![CDATA[java.lang.RuntimeException: com.fasterxml.jackson.databind.exc.UnrecognizedPropertyException: Unrecognized field "followers" (class com.spotify.Pojo.Item), not marked as ignorable (14 known properties: "primary_color", "tracks", "public", "href", "uri", "owner", "collaborative", "snapshot_id", "external_urls", "type", "id", "description", "name", "images"])
 at [Source: (String)"{
  "collaborative" : false,
  "description" : "Collection of fav songs",
  "external_urls" : {
    "spotify" : "https://open.spotify.com/playlist/7CB0Y372LBKO5mDQTr8JFF"
  },
  "followers" : {
    "href" : null,
    "total" : 0
  },
  "href" : "https://api.spotify.com/v1/playlists/7CB0Y372LBKO5mDQTr8JFF",
  "id" : "7CB0Y372LBKO5mDQTr8JFF",
  "images" : [ ],
  "name" : "Omkar",
  "owner" : {
    "display_name" : "Pragatipinge",
    "external_urls" : {
      "spotify" : "https://open.spotify.com/"[truncated 662 chars]; line: 7, column: 18] (through reference chain: com.spotify.Pojo.Item["followers"])
at io.restassured.internal.path.json.mapping.JsonPathJackson2ObjectDeserializer.deserialize(JsonPathJackson2ObjectDeserializer.java:30)
at io.restassured.path.json.mapping.JsonPathObjectDeserializer$deserialize.call(Unknown Source)
at org.codehaus.groovy.runtime.callsite.CallSiteArray.defaultCall(CallSiteArray.java:45)
at org.codehaus.groovy.runtime.callsite.AbstractCallSite.call(AbstractCallSite.java:125)
at org.codehaus.groovy.runtime.callsite.AbstractCallSite.call(AbstractCallSite.java:139)
at io.restassured.internal.mapping.Jackson2Mapper.deserialize(Jackson2Mapper.groovy:58)
at io.restassured.mapper.ObjectMapper$deserialize$0.call(Unknown Source)
at org.codehaus.groovy.runtime.callsite.CallSiteArray.defaultCall(CallSiteArray.java:45)
at org.codehaus.groovy.runtime.callsite.AbstractCallSite.call(AbstractCallSite.java:125)
at org.codehaus.groovy.runtime.callsite.AbstractCallSite.call(AbstractCallSite.java:139)
at io.restassured.internal.mapping.ObjectMapping.parseWithJackson2(ObjectMapping.groovy:254)
at io.restassured.internal.mapping.ObjectMapping$parseWithJackson2$1.callStatic(Unknown Source)
at org.codehaus.groovy.runtime.callsite.CallSiteArray.defaultCallStatic(CallSiteArray.java:53)
at org.codehaus.groovy.runtime.callsite.AbstractCallSite.callStatic(AbstractCallSite.java:217)
at org.codehaus.groovy.runtime.callsite.AbstractCallSite.callStatic(AbstractCallSite.java:240)
at io.restassured.internal.mapping.ObjectMapping.deserialize(ObjectMapping.groovy:56)
at io.restassured.internal.mapping.ObjectMapping$deserialize$0.call(Unknown Source)
at org.codehaus.groovy.runtime.callsite.CallSiteArray.defaultCall(CallSiteArray.java:45)
at org.codehaus.groovy.runtime.callsite.AbstractCallSite.call(AbstractCallSite.java:125)
at io.restassured.internal.RestAssuredResponseOptionsGroovyImpl.as(RestAssuredResponseOptionsGroovyImpl.groovy:229)
at io.restassured.internal.RestAssuredResponseOptionsImpl.as(RestAssuredResponseOptionsImpl.java:169)
at com.spotify.test.CreatePlaylist.createPlaylist(CreatePlaylist.java:55)
at java.base/jdk.internal.reflect.NativeMethodAccessorImpl.invoke0(Native Method)
at java.base/jdk.internal.reflect.NativeMethodAccessorImpl.invoke(NativeMethodAccessorImpl.java:77)
at java.base/jdk.internal.reflect.DelegatingMethodAccessorImpl.invoke(DelegatingMethodAccessorImpl.java:43)
at java.base/java.lang.reflect.Method.invoke(Method.java:568)
at org.testng.internal.invokers.MethodInvocationHelper.invokeMethod(MethodInvocationHelper.java:139)
at org.testng.internal.invokers.TestInvoker.invokeMethod(TestInvoker.java:677)
at org.testng.internal.invokers.TestInvoker.invokeTestMethod(TestInvoker.java:221)
at org.testng.internal.invokers.MethodRunner.runInSequence(MethodRunner.java:50)
at org.testng.internal.invokers.TestInvoker$MethodInvocationAgent.invoke(TestInvoker.java:969)
at org.testng.internal.invokers.TestInvoker.invokeTestMethods(TestInvoker.java:194)
at org.testng.internal.invokers.TestMethodWorker.invokeTestMethods(TestMethodWorker.java:148)
at org.testng.internal.invokers.TestMethodWorker.run(TestMethodWorker.java:128)
at java.base/java.util.ArrayList.forEach(ArrayList.java:1511)
at org.testng.TestRunner.privateRun(TestRunner.java:829)
at org.testng.TestRunner.run(TestRunner.java:602)
at org.testng.SuiteRunner.runTest(SuiteRunner.java:437)
at org.testng.SuiteRunner.runSequentially(SuiteRunner.java:431)
at org.testng.SuiteRunner.privateRun(SuiteRunner.java:391)
at org.testng.SuiteRunner.run(SuiteRunner.java:330)
at org.testng.SuiteRunnerWorker.runSuite(SuiteRunnerWorker.java:52)
at org.testng.SuiteRunnerWorker.run(SuiteRunnerWorker.java:95)
at org.testng.TestNG.runSuitesSequentially(TestNG.java:1256)
at org.testng.TestNG.runSuitesLocally(TestNG.java:1176)
at org.testng.TestNG.runSuites(TestNG.java:1099)
at org.testng.TestNG.run(TestNG.java:1067)
at org.testng.remote.AbstractRemoteTestNG.run(AbstractRemoteTestNG.java:115)
at org.testng.remote.RemoteTestNG.initAndRun(RemoteTestNG.java:251)
at org.testng.remote.RemoteTestNG.main(RemoteTestNG.java:77)
Caused by: com.fasterxml.jackson.databind.exc.UnrecognizedPropertyException: Unrecognized field "followers" (class com.spotify.Pojo.Item), not marked as ignorable (14 known properties: "primary_color", "tracks", "public", "href", "uri", "owner", "collaborative", "snapshot_id", "external_urls", "type", "id", "description", "name", "images"])
 at [Source: (String)"{
  "collaborative" : false,
  "description" : "Collection of fav songs",
  "external_urls" : {
    "spotify" : "https://open.spotify.com/playlist/7CB0Y372LBKO5mDQTr8JFF"
  },
  "followers" : {
    "href" : null,
    "total" : 0
  },
  "href" : "https://api.spotify.com/v1/playlists/7CB0Y372LBKO5mDQTr8JFF",
  "id" : "7CB0Y372LBKO5mDQTr8JFF",
  "images" : [ ],
  "name" : "Omkar",
  "owner" : {
    "display_name" : "Pragatipinge",
    "external_urls" : {
      "spotify" : "https://open.spotify.com/"[truncated 662 chars]; line: 7, column: 18] (through reference chain: com.spotify.Pojo.Item["followers"])
at com.fasterxml.jackson.databind.exc.UnrecognizedPropertyException.from(UnrecognizedPropertyException.java:61)
at com.fasterxml.jackson.databind.DeserializationContext.handleUnknownProperty(DeserializationContext.java:1138)
at com.fasterxml.jackson.databind.deser.std.StdDeserializer.handleUnknownProperty(StdDeserializer.java:2224)
at com.fasterxml.jackson.databind.deser.BeanDeserializerBase.handleUnknownProperty(BeanDeserializerBase.java:1709)
at com.fasterxml.jackson.databind.deser.BeanDeserializerBase.handleUnknownVanilla(BeanDeserializerBase.java:1687)
at com.fasterxml.jackson.databind.deser.BeanDeserializer.vanillaDeserialize(BeanDeserializer.java:320)
at com.fasterxml.jackson.databind.deser.BeanDeserializer.deserialize(BeanDeserializer.java:177)
at com.fasterxml.jackson.databind.deser.DefaultDeserializationContext.readRootValue(DefaultDeserializationContext.java:323)
at com.fasterxml.jackson.databind.ObjectMapper._readMapAndClose(ObjectMapper.java:4825)
at com.fasterxml.jackson.databind.ObjectMapper.readValue(ObjectMapper.java:3772)
at io.restassured.internal.path.json.mapping.JsonPathJackson2ObjectDeserializer.deserialize(JsonPathJackson2ObjectDeserializer.java:28)
... 49 more
]]>
    </error>
  </testcase> <!-- createPlaylist -->
  <system-out/>
  <testcase classname="com.spotify.test.CreatePlaylist" name="getPlaylistDetails" time="0.464"/>
  <system-out/>
</testsuite> <!-- com.spotify.test.CreatePlaylist -->
