<?xml version="1.0" encoding="UTF-8"?>
<!-- Generated by org.testng.reporters.JUnitReportReporter -->
<testsuite hostname="DESKTOP-UKJ50JB" failures="0" tests="1" name="authorizationAuthentication.CreateUser_BearerToken" time="6.186" errors="0" timestamp="2023-09-10T16:57:13 IST" skipped="0">
  <testcase classname="authorizationAuthentication.CreateUser_BearerToken" name="Postman_Workspace" time="6.186"/>
  <system-out/>
</testsuite> <!-- authorizationAuthentication.CreateUser_BearerToken -->
