<?xml version="1.0" encoding="UTF-8"?>
<!-- Generated by org.testng.reporters.JUnitReportReporter -->
<testsuite hostname="DESKTOP-UKJ50JB" failures="0" tests="2" name="com.spotify.test.CreatePlaylistWithReqAndResSpec" time="5.281" errors="0" timestamp="2023-09-13T08:59:38 IST" skipped="0">
  <testcase classname="com.spotify.test.CreatePlaylistWithReqAndResSpec" name="createPlaylist" time="4.845"/>
  <system-out/>
  <testcase classname="com.spotify.test.CreatePlaylistWithReqAndResSpec" name="getPlaylistDetails" time="0.436"/>
  <system-out/>
</testsuite> <!-- com.spotify.test.CreatePlaylistWithReqAndResSpec -->
