<?xml version="1.0" encoding="UTF-8"?>
<!-- Generated by org.testng.reporters.JUnitReportReporter -->
<testsuite hostname="DESKTOP-UKJ50JB" failures="0" tests="1" name="basicsRestAssured.HEAD_AllWorkspace" time="5.045" errors="0" timestamp="2023-09-03T16:01:20 IST" skipped="0">
  <testcase classname="basicsRestAssured.HEAD_AllWorkspace" name="responseheaders" time="5.045"/>
  <system-out/>
</testsuite> <!-- basicsRestAssured.HEAD_AllWorkspace -->
