<?xml version="1.0" encoding="UTF-8"?>
<!-- Generated by org.testng.reporters.JUnitReportReporter -->
<testsuite hostname="DESKTOP-UKJ50JB" failures="0" tests="1" name="requestAndresponseSpecBuilder.reqresBascis" time="5.526" errors="0" timestamp="2023-09-07T05:53:54 IST" skipped="0">
  <testcase classname="requestAndresponseSpecBuilder.reqresBascis" name="Postman_Workspace" time="5.526"/>
  <system-out/>
</testsuite> <!-- requestAndresponseSpecBuilder.reqresBascis -->
