<?xml version="1.0" encoding="UTF-8"?>
<!-- Generated by org.testng.reporters.JUnitReportReporter -->
<testsuite hostname="DESKTOP-UKJ50JB" failures="0" tests="1" name="assertionUsage.UseOfAssertions" time="7.805" errors="0" timestamp="2023-09-06T15:15:00 IST" skipped="0">
  <testcase classname="assertionUsage.UseOfAssertions" name="getuserdetails" time="7.805"/>
  <system-out/>
</testsuite> <!-- assertionUsage.UseOfAssertions -->
