<?xml version="1.0" encoding="UTF-8"?>
<!-- Generated by org.testng.reporters.JUnitReportReporter -->
<testsuite hostname="DESKTOP-UKJ50JB" failures="0" tests="1" name="mockServer.GETMockResponse" time="5.909" errors="0" timestamp="2023-09-07T19:57:49 IST" skipped="0">
  <testcase classname="mockServer.GETMockResponse" name="mcokserverResponse" time="5.909"/>
  <system-out/>
</testsuite> <!-- mockServer.GETMockResponse -->
