<?xml version="1.0" encoding="UTF-8"?>
<!-- Generated by org.testng.reporters.JUnitReportReporter -->
<testsuite hostname="DESKTOP-UKJ50JB" failures="0" tests="1" name="authorizationAuthentication.APIKey" time="6.178" errors="0" timestamp="2023-09-10T09:47:22 IST" skipped="0">
  <testcase classname="authorizationAuthentication.APIKey" name="Postman_Workspace" time="6.178"/>
  <system-out/>
</testsuite> <!-- authorizationAuthentication.APIKey -->
