<?xml version="1.0" encoding="UTF-8"?>
<!-- Generated by org.testng.reporters.JUnitReportReporter -->
<testsuite hostname="DESKTOP-UKJ50JB" failures="0" tests="1" name="spotify.Get_UsersAllPlaylist" time="4.658" errors="0" timestamp="2023-09-12T11:47:28 IST" skipped="0">
  <testcase classname="spotify.Get_UsersAllPlaylist" name="allPlaylist" time="4.658"/>
  <system-out/>
</testsuite> <!-- spotify.Get_UsersAllPlaylist -->
