<?xml version="1.0" encoding="UTF-8"?>
<!-- Generated by org.testng.reporters.JUnitReportReporter -->
<testsuite hostname="DESKTOP-UKJ50JB" failures="0" tests="4" name="com.spotify.tests.PlaylistTest" time="9.836" errors="0" timestamp="2023-09-15T21:11:55 IST" skipped="0">
  <testcase classname="com.spotify.tests.PlaylistTest" name="createPlaylist" time="7.836"/>
  <system-out/>
  <testcase classname="com.spotify.tests.PlaylistTest" name="getPlaylistDetail" time="0.890"/>
  <system-out/>
  <testcase classname="com.spotify.tests.PlaylistTest" name="updateUserPlaylist" time="0.770"/>
  <system-out/>
  <testcase classname="com.spotify.tests.PlaylistTest" name="shouldNotBeAbleToCreatePlaylist" time="0.340"/>
  <system-out/>
</testsuite> <!-- com.spotify.tests.PlaylistTest -->
