<?xml version="1.0" encoding="UTF-8"?>
<!-- Generated by org.testng.reporters.JUnitReportReporter -->
<testsuite hostname="DESKTOP-UKJ50JB" failures="0" tests="4" name="vctcRunner.VctcAngularRunner" time="0.534" errors="0" timestamp="2023-08-29T22:02:52 IST" skipped="0">
  <testcase classname="vctcRunner.VctcAngularRunner" name="runScenario" time="0.074"/>
  <system-out/>
  <testcase classname="vctcRunner.VctcAngularRunner" name="runScenario" time="0.032"/>
  <system-out/>
  <testcase classname="vctcRunner.VctcAngularRunner" name="runScenario" time="0.106"/>
  <system-out/>
  <testcase classname="vctcRunner.VctcAngularRunner" name="runScenario" time="0.322"/>
  <system-out/>
</testsuite> <!-- vctcRunner.VctcAngularRunner -->
