<?xml version="1.0" encoding="UTF-8"?>
<!-- Generated by org.testng.reporters.JUnitReportReporter -->
<testsuite hostname="DESKTOP-UKJ50JB" failures="0" tests="3" name="filmBookingRunner.BookingRunner" time="0.365" errors="0" timestamp="2023-08-23T17:22:38 IST" skipped="0">
  <testcase classname="filmBookingRunner.BookingRunner" name="runScenario" time="0.073"/>
  <system-out/>
  <testcase classname="filmBookingRunner.BookingRunner" name="runScenario" time="0.218"/>
  <system-out/>
  <testcase classname="filmBookingRunner.BookingRunner" name="runScenario" time="0.074"/>
  <system-out/>
</testsuite> <!-- filmBookingRunner.BookingRunner -->
