<?xml version="1.0" encoding="UTF-8"?>
<!-- Generated by org.testng.reporters.JUnitReportReporter -->
<testsuite hostname="DESKTOP-UKJ50JB" failures="0" tests="1" name="dataTableRunner.RunnerforDataTable" time="0.386" errors="0" timestamp="2023-08-29T22:33:36 IST" skipped="0">
  <testcase classname="dataTableRunner.RunnerforDataTable" name="runScenario" time="0.386"/>
  <system-out/>
</testsuite> <!-- dataTableRunner.RunnerforDataTable -->
