<?xml version="1.0" encoding="UTF-8"?>
<!-- Generated by org.testng.reporters.JUnitReportReporter -->
<testsuite hostname="DESKTOP-UKJ50JB" failures="0" tests="3" name="runner.LoginDataRunner" time="0.252" errors="0" timestamp="2023-08-22T11:18:10 IST" skipped="0">
  <testcase classname="runner.LoginDataRunner" name="runScenario" time="0.033"/>
  <system-out/>
  <testcase classname="runner.LoginDataRunner" name="runScenario" time="0.028"/>
  <system-out/>
  <testcase classname="runner.LoginDataRunner" name="runScenario" time="0.191"/>
  <system-out/>
</testsuite> <!-- runner.LoginDataRunner -->
