<?xml version="1.0" encoding="UTF-8"?>
<!-- Generated by org.testng.reporters.JUnitReportReporter -->
<testsuite hostname="DESKTOP-UKJ50JB" failures="0" tests="3" name="ecommerceRunner.EcommerceRunner" time="0.268" errors="0" timestamp="2023-08-22T12:16:50 IST" skipped="0">
  <testcase classname="ecommerceRunner.EcommerceRunner" name="runScenario" time="0.211"/>
  <system-out/>
  <testcase classname="ecommerceRunner.EcommerceRunner" name="runScenario" time="0.038"/>
  <system-out/>
  <testcase classname="ecommerceRunner.EcommerceRunner" name="runScenario" time="0.019"/>
  <system-out/>
</testsuite> <!-- ecommerceRunner.EcommerceRunner -->
