<?xml version="1.0" encoding="UTF-8"?>
<!-- Generated by org.testng.reporters.JUnitReportReporter -->
<testsuite hostname="DESKTOP-UKJ50JB" failures="0" tests="2" name="runner.LoginRunner" time="0.253" errors="0" timestamp="2023-08-22T21:04:51 IST" skipped="0">
  <testcase classname="runner.LoginRunner" name="runScenario" time="0.224"/>
  <system-out/>
  <testcase classname="runner.LoginRunner" name="runScenario" time="0.029"/>
  <system-out/>
</testsuite> <!-- runner.LoginRunner -->
