<?xml version="1.0" encoding="UTF-8"?>
<!-- Generated by org.testng.reporters.JUnitReportReporter -->
<testsuite hostname="DESKTOP-UKJ50JB" failures="0" tests="3" name="profilephotoHooksRunner.PPHooksRunner" time="0.372" errors="0" timestamp="2023-08-24T15:43:51 IST" skipped="0">
  <testcase classname="profilephotoHooksRunner.PPHooksRunner" name="runScenario" time="0.250"/>
  <system-out/>
  <testcase classname="profilephotoHooksRunner.PPHooksRunner" name="runScenario" time="0.049"/>
  <system-out/>
  <testcase classname="profilephotoHooksRunner.PPHooksRunner" name="runScenario" time="0.073"/>
  <system-out/>
</testsuite> <!-- profilephotoHooksRunner.PPHooksRunner -->
