<?xml version="1.0" encoding="UTF-8"?>
<!-- Generated by org.testng.reporters.JUnitReportReporter -->
<testsuite hostname="DESKTOP-UKJ50JB" failures="0" tests="3" name="dataproviderRunner.RunnerMultiData" time="0.450" errors="0" timestamp="2023-08-22T15:10:23 IST" skipped="0">
  <testcase classname="dataproviderRunner.RunnerMultiData" name="runScenario" time="0.076"/>
  <system-out/>
  <testcase classname="dataproviderRunner.RunnerMultiData" name="runScenario" time="0.330"/>
  <system-out/>
  <testcase classname="dataproviderRunner.RunnerMultiData" name="runScenario" time="0.044"/>
  <system-out/>
</testsuite> <!-- dataproviderRunner.RunnerMultiData -->
