<?xml version="1.0" encoding="UTF-8"?>
<!-- Generated by org.testng.reporters.JUnitReportReporter -->
<testsuite hostname="DESKTOP-UKJ50JB" failures="0" tests="2" name="campaignTagsRunner.CampaignRunner" time="0.242" errors="0" timestamp="2023-08-24T16:01:33 IST" skipped="0">
  <testcase classname="campaignTagsRunner.CampaignRunner" name="runScenario" time="0.034"/>
  <system-out/>
  <testcase classname="campaignTagsRunner.CampaignRunner" name="runScenario" time="0.208"/>
  <system-out/>
</testsuite> <!-- campaignTagsRunner.CampaignRunner -->
